<?xml version="1.0" encoding="UTF-8"?>
<testsuite xmlns:xsi="http://www.w3.org/2001/XMLSchema-instance" xsi:noNamespaceSchemaLocation="https://maven.apache.org/surefire/maven-surefire-plugin/xsd/surefire-test-report-3.0.xsd" version="3.0" name="com.example.devsecops.DevsecopsApplicationTests" time="1.023" tests="1" errors="0" skipped="0" failures="0">
  <properties>
[...]
</properties>
  <testcase name="contextLoads" classname="com.example.devsecops.DevsecopsApplicationTests" time="0.474">
    <system-out><![CDATA[15:09:34.822 [main] INFO org.springframework.test.context.support.AnnotationConfigContextLoaderUtils -- Could not detect default configuration classes for test class [com.example.devsecops.DevsecopsApplicationTests]: DevsecopsApplicationTests does not declare any static, non-private, non-final, nested classes annotated with @Configuration.
15:09:34.867 [main] INFO org.springframework.boot.test.context.SpringBootTestContextBootstrapper -- Found @SpringBootConfiguration com.example.devsecops.DemoApplication for test class com.example.devsecops.DevsecopsApplicationTests

  .   ____          _            __ _ _
 /\\ / ___'_ __ _ _(_)_ __  __ _ \ \ \ \
( ( )\___ | '_ | '_| | '_ \/ _` | \ \ \ \
 \\/  ___)| |_)| | | | | || (_| |  ) ) ) )
  '  |____| .__|_| |_|_| |_\__, | / / / /
 =========|_|==============|___/=/_/_/_/
 :: Spring Boot ::                (v3.1.4)

2023-11-17T15:09:35.018+08:00  INFO 20667 --- [           main] c.e.devsecops.DevsecopsApplicationTests  : Starting DevsecopsApplicationTests using Java 21.0.1 with PID 20667 (started by vincennlin in /Users/vincennlin/Repository/devsecopsdiy)
2023-11-17T15:09:35.018+08:00  INFO 20667 --- [           main] c.e.devsecops.DevsecopsApplicationTests  : No active profile set, falling back to 1 default profile: "default"
2023-11-17T15:09:35.271+08:00  INFO 20667 --- [           main] c.e.devsecops.DevsecopsApplicationTests  : Started DevsecopsApplicationTests in 0.35 seconds (process running for 0.806)
]]></system-out>
    <system-err><![CDATA[WARNING: A Java agent has been loaded dynamically (/Users/vincennlin/.m2/repository/net/bytebuddy/byte-buddy-agent/1.14.8/byte-buddy-agent-1.14.8.jar)
WARNING: If a serviceability tool is in use, please run with -XX:+EnableDynamicAgentLoading to hide this warning
WARNING: If a serviceability tool is not in use, please run with -Djdk.instrument.traceUsage for more information
WARNING: Dynamic loading of agents will be disallowed by default in a future release
]]></system-err>
  </testcase>
</testsuite>